#
# A fatal error has been detected by the Java Runtime Environment:
#
#  EXCEPTION_ACCESS_VIOLATION (0xc0000005) at pc=0x00000000585ba0a5, pid=5936, tid=0x00000000000010f0
#
# JRE version: Java(TM) SE Runtime Environment (8.0_101-b13) (build 1.8.0_101-b13)
# Java VM: Java HotSpot(TM) 64-Bit Server VM (25.101-b13 mixed mode windows-amd64 compressed oops)
# Problematic frame:
# V  [jvm.dll+0x12a0a5]
#
# Failed to write core dump. Minidumps are not enabled by default on client versions of Windows
#
# If you would like to submit a bug report, please visit:
#   http://bugreport.java.com/bugreport/crash.jsp
#

---------------  T H R E A D  ---------------

Current thread (0x000000001e50a800):  JavaThread "JDWP Transport Listener: dt_socket" daemon [_thread_in_vm, id=4336, stack(0x000000001f000000,0x000000001f100000)]

siginfo: ExceptionCode=0xc0000005, reading address 0xffffffffffffffff

Registers:
RAX=0x000000001f0ff701, RBX=0x000000001e50a800, RCX=0x003b65747942656c, RDX=0x0000000000000000
RSP=0x000000001f0ff6b0, RBP=0x003b65747942656c, RSI=0x000000001f0ff7c8, RDI=0x0000000001297f20
R8 =0x000000001e50a800, R9 =0x0000000000000000, R10=0x0000000000000000, R11=0x0000000000000064
R12=0x0000000000000000, R13=0x000000001e500108, R14=0x0000000000000000, R15=0x0000000000000000
RIP=0x00000000585ba0a5, EFLAGS=0x0000000000010206

Top of Stack: (sp=0x000000001f0ff6b0)
0x000000001f0ff6b0:   000000001e50a800 000000001e50a800
0x000000001f0ff6c0:   000000001f0ff778 00000000587c2f0b
0x000000001f0ff6d0:   000000001e50a800 00000000587df76d
0x000000001f0ff6e0:   0000000000000000 0000000058359155
0x000000001f0ff6f0:   000000001faedbc8 000000005836291e
0x000000001f0ff700:   000000001e50a800 0000000000000000
0x000000001f0ff710:   0000000000000000 0000000000000000
0x000000001f0ff720:   003b65747942656c 0000000058361a15
0x000000001f0ff730:   000000001f0ff7c8 000000001f0ff7a0
0x000000001f0ff740:   0000000000000001 000000001faedbc8
0x000000001f0ff750:   003b65747942656c 00000000583453b3
0x000000001f0ff760:   000000001f0ff890 0000000000000001
0x000000001f0ff770:   0000000000000001 000000001faedbc8
0x000000001f0ff780:   00000000f000100a 0000000000000000
0x000000001f0ff790:   0000000000000000 0000000000000000
0x000000001f0ff7a0:   0000000000000001 0000000058345571 

Instructions: (pc=0x00000000585ba0a5)
0x00000000585ba085:   cc cc cc cc cc cc cc cc cc cc cc 48 83 ec 28 48
0x00000000585ba095:   85 c9 75 07 33 c0 48 83 c4 28 c3 48 89 5c 24 20
0x00000000585ba0a5:   48 8b 19 48 85 db 74 20 48 83 fb 37 74 1a 48 8b
0x00000000585ba0b5:   13 48 8b cb ff 52 10 84 c0 74 0d 48 8b c3 48 8b 


Register to memory mapping:

RAX=0x000000001f0ff701 is pointing into the stack for thread: 0x000000001e50a800
RBX=0x000000001e50a800 is a thread
RCX=0x003b65747942656c is an unknown value
RDX=0x0000000000000000 is an unknown value
RSP=0x000000001f0ff6b0 is pointing into the stack for thread: 0x000000001e50a800
RBP=0x003b65747942656c is an unknown value
RSI=0x000000001f0ff7c8 is pointing into the stack for thread: 0x000000001e50a800
RDI=0x0000000001297f20 is an unknown value
R8 =0x000000001e50a800 is a thread
R9 =0x0000000000000000 is an unknown value
R10=0x0000000000000000 is an unknown value
R11=0x0000000000000064 is an unknown value
R12=0x0000000000000000 is an unknown value
R13=0x000000001e500108 is an unknown value
R14=0x0000000000000000 is an unknown value
R15=0x0000000000000000 is an unknown value


Stack: [0x000000001f000000,0x000000001f100000],  sp=0x000000001f0ff6b0,  free space=1021k
Native frames: (J=compiled Java code, j=interpreted, Vv=VM code, C=native code)
V  [jvm.dll+0x12a0a5]
V  [jvm.dll+0x34f76d]
C  [jdwp.dll+0x21a15]
C  [jdwp.dll+0x53b3]
C  [jdwp.dll+0x5571]
C  [jdwp.dll+0xf0a8]
C  [jdwp.dll+0x1f2d5]
C  [jdwp.dll+0x1f4aa]
V  [jvm.dll+0x1bd258]
V  [jvm.dll+0x2451a4]
V  [jvm.dll+0x29c18a]
C  [msvcr100.dll+0x21d9f]
C  [msvcr100.dll+0x21e3b]
C  [KERNEL32.DLL+0x8364]
C  [ntdll.dll+0x65e91]


---------------  P R O C E S S  ---------------

Java Threads: ( => current thread )
  0x000000001fadc000 JavaThread "AWT-EventQueue-0" [_thread_blocked, id=14164, stack(0x00000000271d0000,0x00000000272d0000)]
  0x000000000129e000 JavaThread "DestroyJavaVM" [_thread_blocked, id=18824, stack(0x0000000002a20000,0x0000000002b20000)]
  0x000000001fab6800 JavaThread "Thread-3" [_thread_blocked, id=3784, stack(0x0000000025240000,0x0000000025340000)]
  0x000000001f9f4800 JavaThread "AWT-Windows" daemon [_thread_in_native, id=3288, stack(0x0000000020cc0000,0x0000000020dc0000)]
  0x000000001f9f3800 JavaThread "AWT-Shutdown" [_thread_blocked, id=3392, stack(0x0000000020bc0000,0x0000000020cc0000)]
  0x000000001f9ef800 JavaThread "Java2D Disposer" daemon [_thread_blocked, id=6040, stack(0x0000000020900000,0x0000000020a00000)]
  0x000000001e749800 JavaThread "Global Mouse Hook Dispatcher" daemon [_thread_blocked, id=17384, stack(0x0000000020400000,0x0000000020500000)]
  0x000000001e749000 JavaThread "Global Mouse Hook Thread" [_thread_in_native, id=17028, stack(0x0000000020300000,0x0000000020400000)]
  0x000000001e8cd800 JavaThread "Global Keyboard Hook Dispatcher" daemon [_thread_blocked, id=13452, stack(0x0000000020200000,0x0000000020300000)]
  0x000000001e8b7800 JavaThread "Global Keyboard Hook Thread" [_thread_in_native, id=15676, stack(0x0000000020100000,0x0000000020200000)]
  0x000000001e5b4800 JavaThread "Service Thread" daemon [_thread_blocked, id=15976, stack(0x000000001f700000,0x000000001f800000)]
  0x000000001e52b000 JavaThread "C1 CompilerThread3" daemon [_thread_blocked, id=17316, stack(0x000000001f600000,0x000000001f700000)]
  0x000000001e529000 JavaThread "C2 CompilerThread2" daemon [_thread_blocked, id=7072, stack(0x000000001f500000,0x000000001f600000)]
  0x000000001e528800 JavaThread "C2 CompilerThread1" daemon [_thread_blocked, id=14740, stack(0x000000001f400000,0x000000001f500000)]
  0x000000001e51f800 JavaThread "C2 CompilerThread0" daemon [_thread_blocked, id=19448, stack(0x000000001f300000,0x000000001f400000)]
  0x000000001e513000 JavaThread "JDWP Command Reader" daemon [_thread_in_native, id=16748, stack(0x000000001f200000,0x000000001f300000)]
  0x000000001e511800 JavaThread "JDWP Event Helper Thread" daemon [_thread_blocked, id=13632, stack(0x000000001f100000,0x000000001f200000)]
=>0x000000001e50a800 JavaThread "JDWP Transport Listener: dt_socket" daemon [_thread_in_vm, id=4336, stack(0x000000001f000000,0x000000001f100000)]
  0x000000001e4f8800 JavaThread "Attach Listener" daemon [_thread_blocked, id=12316, stack(0x000000001ebc0000,0x000000001ecc0000)]
  0x000000001c5fe800 JavaThread "Signal Dispatcher" daemon [_thread_blocked, id=13768, stack(0x000000001eac0000,0x000000001ebc0000)]
  0x0000000002c19000 JavaThread "Finalizer" daemon [_thread_blocked, id=15776, stack(0x000000001e8d0000,0x000000001e9d0000)]
  0x0000000002c18000 JavaThread "Reference Handler" daemon [_thread_blocked, id=14968, stack(0x000000001e3d0000,0x000000001e4d0000)]

Other Threads:
  0x000000001c5e9000 VMThread [stack: 0x000000001e2d0000,0x000000001e3d0000] [id=4344]
  0x000000001e585000 WatcherThread [stack: 0x000000001f800000,0x000000001f900000] [id=11060]

VM state:not at safepoint (normal execution)

VM Mutex/Monitor currently owned by a thread: None

Heap:
 PSYoungGen      total 75776K, used 16640K [0x000000076b600000, 0x0000000770a80000, 0x00000007c0000000)
  eden space 65024K, 22% used [0x000000076b600000,0x000000076c408330,0x000000076f580000)
  from space 10752K, 21% used [0x0000000770000000,0x0000000770238020,0x0000000770a80000)
  to   space 10752K, 0% used [0x000000076f580000,0x000000076f580000,0x0000000770000000)
 ParOldGen       total 173568K, used 32K [0x00000006c2200000, 0x00000006ccb80000, 0x000000076b600000)
  object space 173568K, 0% used [0x00000006c2200000,0x00000006c2208000,0x00000006ccb80000)
 Metaspace       used 11665K, capacity 11878K, committed 12160K, reserved 1060864K
  class space    used 1311K, capacity 1394K, committed 1408K, reserved 1048576K

Card table byte_map: [0x0000000011fe0000,0x00000000127d0000] byte_map_base: 0x000000000e9cf000

Marking Bits: (ParMarkBitMap*) 0x0000000058caa6d0
 Begin Bits: [0x0000000013520000, 0x0000000017498000)
 End Bits:   [0x0000000017498000, 0x000000001b410000)

Polling page: 0x00000000011b0000

CodeCache: size=245760Kb used=5566Kb max_used=5583Kb free=240193Kb
 bounds [0x0000000002c20000, 0x00000000031a0000, 0x0000000011c20000]
 total_blobs=1971 nmethods=1486 adapters=406
 compilation: enabled

Compilation events (10 events):
Event: 303.346 Thread 0x000000001e52b000 1518       1       lapissea.clipp.Handeler::access$0 (5 bytes)
Event: 303.346 Thread 0x000000001e52b000 nmethod 1518 0x0000000002d4c590 code [0x0000000002d4c6e0, 0x0000000002d4c7d0]
Event: 304.125 Thread 0x000000001e52b000 1519       3       lc.kra.system.mouse.GlobalMouseHook::mouseMoved (40 bytes)
Event: 304.126 Thread 0x000000001e52b000 nmethod 1519 0x00000000031742d0 code [0x00000000031744a0, 0x0000000003174c48]
Event: 311.547 Thread 0x000000001e51f800 1520       4       java.util.Objects::equals (23 bytes)
Event: 311.548 Thread 0x000000001e529000 1521       4       java.awt.datatransfer.DataFlavor::equals (162 bytes)
Event: 311.550 Thread 0x000000001e52b000 1522       3       sun.awt.datatransfer.DataTransferer::isFlavorNoncharsetTextType (53 bytes)
Event: 311.552 Thread 0x000000001e51f800 nmethod 1520 0x0000000002d380d0 code [0x0000000002d38220, 0x0000000002d383d8]
Event: 311.553 Thread 0x000000001e52b000 nmethod 1522 0x000000000317a390 code [0x000000000317a560, 0x000000000317ad78]
Event: 311.599 Thread 0x000000001e529000 nmethod 1521 0x0000000003194850 code [0x0000000003194ae0, 0x00000000031961c0]

GC Heap History (4 events):
Event: 33.484 GC heap before
{Heap before GC invocations=1 (full 0):
 PSYoungGen      total 75776K, used 65024K [0x000000076b600000, 0x0000000770a80000, 0x00000007c0000000)
  eden space 65024K, 100% used [0x000000076b600000,0x000000076f580000,0x000000076f580000)
  from space 10752K, 0% used [0x0000000770000000,0x0000000770000000,0x0000000770a80000)
  to   space 10752K, 0% used [0x000000076f580000,0x000000076f580000,0x0000000770000000)
 ParOldGen       total 173568K, used 0K [0x00000006c2200000, 0x00000006ccb80000, 0x000000076b600000)
  object space 173568K, 0% used [0x00000006c2200000,0x00000006c2200000,0x00000006ccb80000)
 Metaspace       used 11484K, capacity 11684K, committed 11904K, reserved 1060864K
  class space    used 1300K, capacity 1393K, committed 1408K, reserved 1048576K
Event: 33.493 GC heap after
Heap after GC invocations=1 (full 0):
 PSYoungGen      total 75776K, used 2449K [0x000000076b600000, 0x0000000770a80000, 0x00000007c0000000)
  eden space 65024K, 0% used [0x000000076b600000,0x000000076b600000,0x000000076f580000)
  from space 10752K, 22% used [0x000000076f580000,0x000000076f7e4618,0x0000000770000000)
  to   space 10752K, 0% used [0x0000000770000000,0x0000000770000000,0x0000000770a80000)
 ParOldGen       total 173568K, used 24K [0x00000006c2200000, 0x00000006ccb80000, 0x000000076b600000)
  object space 173568K, 0% used [0x00000006c2200000,0x00000006c2206000,0x00000006ccb80000)
 Metaspace       used 11484K, capacity 11684K, committed 11904K, reserved 1060864K
  class space    used 1300K, capacity 1393K, committed 1408K, reserved 1048576K
}
Event: 87.355 GC heap before
{Heap before GC invocations=2 (full 0):
 PSYoungGen      total 75776K, used 67473K [0x000000076b600000, 0x0000000770a80000, 0x00000007c0000000)
  eden space 65024K, 100% used [0x000000076b600000,0x000000076f580000,0x000000076f580000)
  from space 10752K, 22% used [0x000000076f580000,0x000000076f7e4618,0x0000000770000000)
  to   space 10752K, 0% used [0x0000000770000000,0x0000000770000000,0x0000000770a80000)
 ParOldGen       total 173568K, used 24K [0x00000006c2200000, 0x00000006ccb80000, 0x000000076b600000)
  object space 173568K, 0% used [0x00000006c2200000,0x00000006c2206000,0x00000006ccb80000)
 Metaspace       used 11501K, capacity 11748K, committed 11904K, reserved 1060864K
  class space    used 1301K, capacity 1393K, committed 1408K, reserved 1048576K
Event: 87.359 GC heap after
Heap after GC invocations=2 (full 0):
 PSYoungGen      total 75776K, used 2272K [0x000000076b600000, 0x0000000770a80000, 0x00000007c0000000)
  eden space 65024K, 0% used [0x000000076b600000,0x000000076b600000,0x000000076f580000)
  from space 10752K, 21% used [0x0000000770000000,0x0000000770238020,0x0000000770a80000)
  to   space 10752K, 0% used [0x000000076f580000,0x000000076f580000,0x0000000770000000)
 ParOldGen       total 173568K, used 32K [0x00000006c2200000, 0x00000006ccb80000, 0x000000076b600000)
  object space 173568K, 0% used [0x00000006c2200000,0x00000006c2208000,0x00000006ccb80000)
 Metaspace       used 11501K, capacity 11748K, committed 11904K, reserved 1060864K
  class space    used 1301K, capacity 1393K, committed 1408K, reserved 1048576K
}

Deoptimization events (10 events):
Event: 38.421 Thread 0x000000001fab6800 Uncommon trap: reason=unstable_if action=reinterpret pc=0x000000000304bbc0 method=java.awt.geom.AffineTransform.equals(Ljava/lang/Object;)Z @ 83
Event: 39.173 Thread 0x000000001fab6800 Uncommon trap: reason=unstable_if action=reinterpret pc=0x0000000003078b64 method=java.lang.Math.max(DD)D @ 11
Event: 87.395 Thread 0x000000001fadc000 Uncommon trap: reason=unstable_if action=reinterpret pc=0x0000000003132eec method=java.awt.datatransfer.DataFlavor.equals(Ljava/awt/datatransfer/DataFlavor;)Z @ 155
Event: 87.413 Thread 0x000000001fab6800 Uncommon trap: reason=class_check action=maybe_recompile pc=0x00000000030c86ec method=lapissea.clipp.Button.draw(Ljava/awt/Graphics2D;II)V @ 461
Event: 87.414 Thread 0x000000001fab6800 Uncommon trap: reason=unstable_if action=reinterpret pc=0x00000000030ff42c method=sun.java2d.pipe.RenderBuffer.put([JII)Lsun/java2d/pipe/RenderBuffer; @ 3
Event: 175.141 Thread 0x000000001fab6800 Uncommon trap: reason=class_check action=maybe_recompile pc=0x00000000030c86ec method=lapissea.clipp.Button.draw(Ljava/awt/Graphics2D;II)V @ 461
Event: 262.737 Thread 0x000000001fab6800 Uncommon trap: reason=class_check action=maybe_recompile pc=0x00000000030c86ec method=lapissea.clipp.Button.draw(Ljava/awt/Graphics2D;II)V @ 461
Event: 284.800 Thread 0x000000001fab6800 Uncommon trap: reason=class_check action=maybe_recompile pc=0x00000000030c86ec method=lapissea.clipp.Button.draw(Ljava/awt/Graphics2D;II)V @ 461
Event: 301.093 Thread 0x000000001fadc000 Uncommon trap: reason=null_check action=make_not_entrant pc=0x00000000031767c4 method=java.util.Objects.equals(Ljava/lang/Object;Ljava/lang/Object;)Z @ 11
Event: 301.094 Thread 0x000000001fadc000 Uncommon trap: reason=null_check action=make_not_entrant pc=0x00000000031362ec method=java.util.Objects.equals(Ljava/lang/Object;Ljava/lang/Object;)Z @ 11

Internal exceptions (10 events):
Event: 0.147 Thread 0x000000000129e000 Exception <a 'java/security/PrivilegedActionException'> (0x000000076b6b76d0) thrown at [C:\re\workspace\8-2-build-windows-amd64-cygwin\jdk8u101\7261\hotspot\src\share\vm\prims\jvm.cpp, line 1386]
Event: 0.147 Thread 0x000000000129e000 Exception <a 'java/security/PrivilegedActionException'> (0x000000076b6b78e0) thrown at [C:\re\workspace\8-2-build-windows-amd64-cygwin\jdk8u101\7261\hotspot\src\share\vm\prims\jvm.cpp, line 1386]
Event: 0.147 Thread 0x000000000129e000 Exception <a 'java/security/PrivilegedActionException'> (0x000000076b6bb7c8) thrown at [C:\re\workspace\8-2-build-windows-amd64-cygwin\jdk8u101\7261\hotspot\src\share\vm\prims\jvm.cpp, line 1386]
Event: 0.147 Thread 0x000000000129e000 Exception <a 'java/security/PrivilegedActionException'> (0x000000076b6bb9d8) thrown at [C:\re\workspace\8-2-build-windows-amd64-cygwin\jdk8u101\7261\hotspot\src\share\vm\prims\jvm.cpp, line 1386]
Event: 0.225 Thread 0x000000000129e000 Exception <a 'java/io/FileNotFoundException'> (0x000000076bac2450) thrown at [C:\re\workspace\8-2-build-windows-amd64-cygwin\jdk8u101\7261\hotspot\src\share\vm\prims\jni.cpp, line 709]
Event: 0.246 Thread 0x000000000129e000 Exception <a 'java/lang/NoSuchFieldError': method resolution failed> (0x000000076c0a3e38) thrown at [C:\re\workspace\8-2-build-windows-amd64-cygwin\jdk8u101\7261\hotspot\src\share\vm\prims\methodHandles.cpp, line 1146]
Event: 0.247 Thread 0x000000000129e000 Exception <a 'java/lang/NoSuchFieldError': method resolution failed> (0x000000076c0b11d8) thrown at [C:\re\workspace\8-2-build-windows-amd64-cygwin\jdk8u101\7261\hotspot\src\share\vm\prims\methodHandles.cpp, line 1146]
Event: 0.271 Thread 0x000000000129e000 Exception <a 'java/io/FileNotFoundException'> (0x000000076c147fd0) thrown at [C:\re\workspace\8-2-build-windows-amd64-cygwin\jdk8u101\7261\hotspot\src\share\vm\prims\jni.cpp, line 709]
Event: 301.093 Thread 0x000000001fadc000 Implicit null exception at 0x0000000003175e3c to 0x00000000031767a5
Event: 301.094 Thread 0x000000001fadc000 Implicit null exception at 0x000000000313619c to 0x00000000031362dd

Events (10 events):
Event: 315.004 Executing VM operation: EnterInterpOnlyMode
Event: 315.004 Executing nested VM operation: Deoptimize
Event: 315.004 Executing nested VM operation: Deoptimize done
Event: 315.004 Executing VM operation: EnterInterpOnlyMode done
Event: 315.004 Executing VM operation: GetCurrentLocation
Event: 315.004 Executing VM operation: GetCurrentLocation done
Event: 315.004 Executing VM operation: ChangeSingleStep
Event: 315.004 Executing VM operation: ChangeSingleStep done
Event: 315.005 Executing VM operation: ChangeSingleStep
Event: 315.005 Executing VM operation: ChangeSingleStep done


Dynamic libraries:
0x00007ff7c49a0000 - 0x00007ff7c49d7000 	C:\Program Files\Java\jdk1.8.0_101\bin\javaw.exe
0x00007fff856a0000 - 0x00007fff85871000 	C:\Windows\SYSTEM32\ntdll.dll
0x00007fff853e0000 - 0x00007fff8548b000 	C:\Windows\System32\KERNEL32.DLL
0x00007fff81f00000 - 0x00007fff8211d000 	C:\Windows\System32\KERNELBASE.dll
0x00007fff83970000 - 0x00007fff83a12000 	C:\Windows\System32\ADVAPI32.dll
0x00007fff85340000 - 0x00007fff853de000 	C:\Windows\System32\msvcrt.dll
0x00007fff83620000 - 0x00007fff83679000 	C:\Windows\System32\sechost.dll
0x00007fff82c30000 - 0x00007fff82d51000 	C:\Windows\System32\RPCRT4.dll
0x00007fff83050000 - 0x00007fff831b5000 	C:\Windows\System32\USER32.dll
0x00007fff81ee0000 - 0x00007fff81efe000 	C:\Windows\System32\win32u.dll
0x00007fff83780000 - 0x00007fff837b4000 	C:\Windows\System32\GDI32.dll
0x00007fff81c00000 - 0x00007fff81d82000 	C:\Windows\System32\gdi32full.dll
0x00007fff79860000 - 0x00007fff79ad9000 	C:\Windows\WinSxS\amd64_microsoft.windows.common-controls_6595b64144ccf1df_6.0.14393.447_none_42191651c6827bb3\COMCTL32.dll
0x00007fff82d80000 - 0x00007fff83047000 	C:\Windows\System32\combase.dll
0x00007fff82b30000 - 0x00007fff82c25000 	C:\Windows\System32\ucrtbase.dll
0x00007fff81b90000 - 0x00007fff81bfa000 	C:\Windows\System32\bcryptPrimitives.dll
0x00007fff831c0000 - 0x00007fff831ee000 	C:\Windows\System32\IMM32.DLL
0x0000000058380000 - 0x0000000058452000 	C:\Program Files\Java\jdk1.8.0_101\jre\bin\msvcr100.dll
0x0000000058490000 - 0x0000000058d2a000 	C:\Program Files\Java\jdk1.8.0_101\jre\bin\server\jvm.dll
0x00007fff837c0000 - 0x00007fff837c8000 	C:\Windows\System32\PSAPI.DLL
0x00007fff7be40000 - 0x00007fff7be49000 	C:\Windows\SYSTEM32\WSOCK32.dll
0x00007fff7fcb0000 - 0x00007fff7fcd3000 	C:\Windows\SYSTEM32\WINMM.dll
0x00007fff7ce30000 - 0x00007fff7ce3a000 	C:\Windows\SYSTEM32\VERSION.dll
0x00007fff85100000 - 0x00007fff8516a000 	C:\Windows\System32\WS2_32.dll
0x00007fff7fb40000 - 0x00007fff7fb6b000 	C:\Windows\SYSTEM32\WINMMBASE.dll
0x00007fff81e30000 - 0x00007fff81e72000 	C:\Windows\System32\cfgmgr32.dll
0x0000000059330000 - 0x000000005933f000 	C:\Program Files\Java\jdk1.8.0_101\jre\bin\verify.dll
0x0000000059300000 - 0x0000000059329000 	C:\Program Files\Java\jdk1.8.0_101\jre\bin\java.dll
0x0000000058340000 - 0x0000000058375000 	C:\Program Files\Java\jdk1.8.0_101\jre\bin\jdwp.dll
0x0000000058330000 - 0x0000000058338000 	C:\Program Files\Java\jdk1.8.0_101\jre\bin\npt.dll
0x00000000592e0000 - 0x00000000592f6000 	C:\Program Files\Java\jdk1.8.0_101\jre\bin\zip.dll
0x00007fff83a20000 - 0x00007fff84f29000 	C:\Windows\System32\SHELL32.dll
0x00007fff82120000 - 0x00007fff827fa000 	C:\Windows\System32\windows.storage.dll
0x00007fff81b20000 - 0x00007fff81b6c000 	C:\Windows\System32\powrprof.dll
0x00007fff85490000 - 0x00007fff854e2000 	C:\Windows\System32\shlwapi.dll
0x00007fff81b80000 - 0x00007fff81b8f000 	C:\Windows\System32\kernel.appcore.dll
0x00007fff82a80000 - 0x00007fff82b29000 	C:\Windows\System32\shcore.dll
0x00007fff81b00000 - 0x00007fff81b14000 	C:\Windows\System32\profapi.dll
0x0000000058320000 - 0x0000000058329000 	C:\Program Files\Java\jdk1.8.0_101\jre\bin\dt_socket.dll
0x00007fff6fec0000 - 0x00007fff6fed6000 	C:\Windows\system32\napinsp.dll
0x00007fff6fea0000 - 0x00007fff6feba000 	C:\Windows\system32\pnrpnsp.dll
0x00007fff7f740000 - 0x00007fff7f758000 	C:\Windows\system32\NLAapi.dll
0x00007fff81280000 - 0x00007fff812dc000 	C:\Windows\System32\mswsock.dll
0x00007fff81050000 - 0x00007fff810f0000 	C:\Windows\SYSTEM32\DNSAPI.dll
0x00007fff854f0000 - 0x00007fff854f8000 	C:\Windows\System32\NSI.dll
0x00007fff81010000 - 0x00007fff81048000 	C:\Windows\SYSTEM32\IPHLPAPI.DLL
0x00007fff72990000 - 0x00007fff7299e000 	C:\Windows\System32\winrnr.dll
0x00007fff7ad80000 - 0x00007fff7adea000 	C:\Windows\System32\fwpuclnt.dll
0x00007fff81a40000 - 0x00007fff81a6b000 	C:\Windows\SYSTEM32\bcrypt.dll
0x00007fff7c750000 - 0x00007fff7c75a000 	C:\Windows\System32\rasadhlp.dll
0x00007fff81570000 - 0x00007fff81587000 	C:\Windows\SYSTEM32\CRYPTSP.dll
0x00007fff81480000 - 0x00007fff814b3000 	C:\Windows\system32\rsaenh.dll
0x00007fff81110000 - 0x00007fff8112f000 	C:\Windows\SYSTEM32\USERENV.dll
0x00007fff81590000 - 0x00007fff8159b000 	C:\Windows\SYSTEM32\CRYPTBASE.dll
0x00000000592c0000 - 0x00000000592da000 	C:\Program Files\Java\jdk1.8.0_101\jre\bin\net.dll
0x00007fff7c4c0000 - 0x00007fff7c4d6000 	C:\Windows\SYSTEM32\dhcpcsvc6.DLL
0x00007fff7c4a0000 - 0x00007fff7c4ba000 	C:\Windows\SYSTEM32\dhcpcsvc.DLL
0x00000000592a0000 - 0x00000000592b1000 	C:\Program Files\Java\jdk1.8.0_101\jre\bin\nio.dll
0x00000000699c0000 - 0x0000000069af6000 	C:\Users\LapisSea PC\AppData\Local\Temp\keyboardhook+2945294163.dll
0x000000006f640000 - 0x000000006f784000 	C:\Users\LapisSea PC\AppData\Local\Temp\mousehook+827942687.dll
0x0000000058180000 - 0x0000000058318000 	C:\Program Files\Java\jdk1.8.0_101\jre\bin\awt.dll
0x00007fff85210000 - 0x00007fff852cf000 	C:\Windows\System32\OLEAUT32.dll
0x00007fff81d90000 - 0x00007fff81e2c000 	C:\Windows\System32\msvcp_win.dll
0x00007fff7ff90000 - 0x00007fff8000a000 	C:\Windows\SYSTEM32\apphelp.dll
0x00007fff7fd40000 - 0x00007fff7fd66000 	C:\Windows\system32\DWMAPI.DLL
0x00007fff80290000 - 0x00007fff80325000 	C:\Windows\system32\uxtheme.dll
0x00007fff84fa0000 - 0x00007fff850fb000 	C:\Windows\System32\MSCTF.dll
0x00007fff72cb0000 - 0x00007fff72cf9000 	C:\Program Files (x86)\TeamViewer\tv_x64.dll
0x00007fff837d0000 - 0x00007fff83907000 	C:\Windows\System32\ole32.dll
0x00007fff5b090000 - 0x00007fff5b21d000 	C:\Windows\system32\d3d9.dll
0x00007fff55530000 - 0x00007fff565ec000 	C:\Windows\System32\DriverStore\FileRepository\nv_dispi.inf_amd64_c775b600ccf2cdac\nvd3dumx.dll
0x00007fff78f80000 - 0x00007fff7914b000 	C:\Windows\system32\nvspcap64.dll
0x00007fff831f0000 - 0x00007fff83619000 	C:\Windows\System32\SETUPAPI.dll
0x00007fff7e7f0000 - 0x00007fff7e8bd000 	C:\Windows\SYSTEM32\WINHTTP.dll
0x00007fff7e520000 - 0x00007fff7e533000 	C:\Windows\SYSTEM32\WTSAPI32.dll
0x00007fff59660000 - 0x00007fff59a5b000 	C:\Windows\system32\nvapi64.dll
0x00007fff80a90000 - 0x00007fff80b2f000 	C:\Windows\SYSTEM32\dxgi.dll
0x00007fff733c0000 - 0x00007fff734a6000 	C:\Program Files (x86)\NVIDIA Corporation\3D Vision\nvSCPAPI64.dll
0x0000000058130000 - 0x0000000058177000 	C:\Program Files\Java\jdk1.8.0_101\jre\bin\fontmanager.dll
0x00000000580e0000 - 0x0000000058122000 	C:\Program Files\Java\jdk1.8.0_101\jre\bin\t2k.dll
0x00000000580a0000 - 0x00000000580d1000 	C:\Program Files\Java\jdk1.8.0_101\jre\bin\jpeg.dll
0x00007fff75580000 - 0x00007fff75712000 	C:\Windows\SYSTEM32\dbghelp.dll

VM Arguments:
jvm_args: -agentlib:jdwp=transport=dt_socket,suspend=y,address=localhost:65483 -Dfile.encoding=Cp1252 
java_command: lapissea.main.Main
java_class_path (initial): C:\Users\LapisSea PC\Programming\Java\FastFolderUtil\MultiClippboard\bin;C:\Users\LapisSea PC\Programming\Java\FastFolderUtil\MultiClippboard\system-hook-2.5.jar
Launcher Type: SUN_STANDARD

Environment Variables:
PATH=C:\Program Files\Java\jdk1.8.0_101\jre\bin;C:/Program Files/Java/jdk1.8.0_101/bin/../jre/bin/server;C:/Program Files/Java/jdk1.8.0_101/bin/../jre/bin;C:/Program Files/Java/jdk1.8.0_101/bin/../jre/lib/amd64;C:\ProgramData\Oracle\Java\javapath;C:\Windows\system32;C:\Windows;C:\Windows\System32\Wbem;C:\Windows\System32\WindowsPowerShell\v1.0\;C:\Program Files (x86)\Skype\Phone\;C:\Users\LapisSea PC\.dnx\bin;C:\Program Files\Microsoft DNX\Dnvm\;C:\Program Files\Microsoft SQL Server\130\Tools\Binn\;C:\Program Files (x86)\NVIDIA Corporation\PhysX\Common;C:\Program Files (x86)\Windows Kits\8.1\Windows Performance Toolkit\;C:\Users\LapisSea PC\AppData\Local\Microsoft\WindowsApps;;C:\Windows\System32;
USERNAME=LapisSea PC
OS=Windows_NT
PROCESSOR_IDENTIFIER=Intel64 Family 6 Model 60 Stepping 3, GenuineIntel



---------------  S Y S T E M  ---------------

OS: Windows 10.0 , 64 bit Build 14393 (10.0.14393.0)

CPU:total 8 (4 cores per cpu, 2 threads per core) family 6 model 60 stepping 3, cmov, cx8, fxsr, mmx, sse, sse2, sse3, ssse3, sse4.1, sse4.2, popcnt, avx, avx2, aes, clmul, erms, lzcnt, ht, tsc, tscinvbit, bmi1, bmi2

Memory: 4k page, physical 16631840k(11432016k free), swap 19122208k(12768704k free)

vm_info: Java HotSpot(TM) 64-Bit Server VM (25.101-b13) for windows-amd64 JRE (1.8.0_101-b13), built on Jun 22 2016 01:21:29 by "java_re" with MS VC++ 10.0 (VS2010)

time: Thu Nov 24 18:37:25 2016
elapsed time: 315 seconds (0d 0h 5m 15s)

